TUVE QUE VOLVER A INSTALAR GANACHE-CLI... NO SE PORQUE

MultiEBD@MultiEBD-PC MINGW64 ~
$ npm install -g ganache-cli

C:\Users\MultiEBD\AppData\Roaming\npm\ganache-cli -> C:\Users\MultiEBD\AppData\Roaming\npm\node_modules\ganache-cli\cli.js

> keccak@1.4.0 install C:\Users\MultiEBD\AppData\Roaming\npm\node_modules\ganache-cli\node_modules\keccak
> npm run rebuild || echo "Keccak bindings compilation fail. Pure JS implementation will be used."


> keccak@1.4.0 rebuild C:\Users\MultiEBD\AppData\Roaming\npm\node_modules\ganache-cli\node_modules\keccak
> node-gyp rebuild


C:\Users\MultiEBD\AppData\Roaming\npm\node_modules\ganache-cli\node_modules\keccak>if not defined npm_config_node_gyp (node "C:\Program Files\nodejs\node_modules\npm\node_modules\npm-lifecycle\node-gyp-bin\\..\..\node_modules\node-gyp\bin\node-gyp.js" rebuild )  else (node "C:\Program Files\nodejs\node_modules\npm\node_modules\node-gyp\bin\node-gyp.js" rebuild )
Los proyectos de esta soluci好 se van a compilar de uno en uno. Para habilitar la compilaci好 en paralelo, agregue el modificador "/m".
  addon.cc
  win_delay_load_hook.cc
..\src\addon.cc(37): error C2660: 'v8::Value::IntegerValue': function does not take 0 arguments [C:\Users\MultiEBD\AppData\Roaming\npm\node_modules\ganache-cli\node_modules\keccak\build\keccak.vcxproj]
..\src\addon.cc(38): error C2660: 'v8::Value::IntegerValue': function does not take 0 arguments [C:\Users\MultiEBD\AppData\Roaming\npm\node_modules\ganache-cli\node_modules\keccak\build\keccak.vcxproj]
..\src\addon.cc(56): error C2660: 'v8::Value::IntegerValue': function does not take 0 arguments [C:\Users\MultiEBD\AppData\Roaming\npm\node_modules\ganache-cli\node_modules\keccak\build\keccak.vcxproj]
..\src\addon.cc(64): error C2660: 'v8::Value::IntegerValue': function does not take 0 arguments [C:\Users\MultiEBD\AppData\Roaming\npm\node_modules\ganache-cli\node_modules\keccak\build\keccak.vcxproj]
..\src\addon.cc(75): error C2660: 'v8::Value::ToObject': function does not take 0 arguments [C:\Users\MultiEBD\AppData\Roaming\npm\node_modules\ganache-cli\node_modules\keccak\build\keccak.vcxproj]
gyp ERR! build error
gyp ERR! stack Error: `C:\Program Files (x86)\MSBuild\14.0\bin\MSBuild.exe` failed with exit code: 1
gyp ERR! stack     at ChildProcess.onExit (C:\Program Files\nodejs\node_modules\npm\node_modules\node-gyp\lib\build.js:194:23)
gyp ERR! stack     at ChildProcess.emit (events.js:321:20)
gyp ERR! stack     at Process.ChildProcess._handle.onexit (internal/child_process.js:275:12)
gyp ERR! System Windows_NT 6.1.7601
gyp ERR! command "C:\\Program Files\\nodejs\\node.exe" "C:\\Program Files\\nodejs\\node_modules\\npm\\node_modules\\node-gyp\\bin\\node-gyp.js" "rebuild"
gyp ERR! cwd C:\Users\MultiEBD\AppData\Roaming\npm\node_modules\ganache-cli\node_modules\keccak
gyp ERR! node -v v13.6.0
gyp ERR! node-gyp -v v5.0.5
gyp ERR! not ok
npm ERR! code ELIFECYCLE
npm ERR! errno 1
npm ERR! keccak@1.4.0 rebuild: `node-gyp rebuild`
npm ERR! Exit status 1
npm ERR!
npm ERR! Failed at the keccak@1.4.0 rebuild script.
npm ERR! This is probably not a problem with npm. There is likely additional logging output above.

npm ERR! A complete log of this run can be found in:
npm ERR!     C:\Users\MultiEBD\AppData\Roaming\npm-cache\_logs\2020-03-22T20_09_26_500Z-debug.log
"Keccak bindings compilation fail. Pure JS implementation will be used."

> secp256k1@3.7.1 install C:\Users\MultiEBD\AppData\Roaming\npm\node_modules\ganache-cli\node_modules\secp256k1
> npm run rebuild || echo "Secp256k1 bindings compilation fail. Pure JS implementation will be used."


> secp256k1@3.7.1 rebuild C:\Users\MultiEBD\AppData\Roaming\npm\node_modules\ganache-cli\node_modules\secp256k1
> node-gyp rebuild


C:\Users\MultiEBD\AppData\Roaming\npm\node_modules\ganache-cli\node_modules\secp256k1>if not defined npm_config_node_gyp (node "C:\Program Files\nodejs\node_modules\npm\node_modules\npm-lifecycle\node-gyp-bin\\..\..\node_modules\node-gyp\bin\node-gyp.js" rebuild )  else (node "C:\Program Files\nodejs\node_modules\npm\node_modules\node-gyp\bin\node-gyp.js" rebuild )
Los proyectos de esta soluci好 se van a compilar de uno en uno. Para habilitar la compilaci好 en paralelo, agregue el modificador "/m".
  addon.cc
  privatekey.cc
  publickey.cc
  signature.cc
c:\users\multiebd\appdata\roaming\npm\node_modules\ganache-cli\node_modules\secp256k1\src\secp256k1-src\src\scalar_8x32_impl.h(198): warning C4319: '~': zero extending 'const uint32_t' to 'uint64_t' of greater size (compiling source file ..\src\privatekey.cc) [C:\Users\MultiEBD\AppData\Roaming\npm\node_modules\ganache-cli\node_modules\secp256k1\build\secp256k1.vcxproj]
c:\users\multiebd\appdata\roaming\npm\node_modules\ganache-cli\node_modules\secp256k1\src\secp256k1-src\src\scalar_8x32_impl.h(200): warning C4319: '~': zero extending 'const uint32_t' to 'uint64_t' of greater size (compiling source file ..\src\privatekey.cc) [C:\Users\MultiEBD\AppData\Roaming\npm\node_modules\ganache-cli\node_modules\secp256k1\build\secp256k1.vcxproj]
c:\users\multiebd\appdata\roaming\npm\node_modules\ganache-cli\node_modules\secp256k1\src\secp256k1-src\src\scalar_8x32_impl.h(202): warning C4319: '~': zero extending 'const uint32_t' to 'uint64_t' of greater size (compiling source file ..\src\privatekey.cc) [C:\Users\MultiEBD\AppData\Roaming\npm\node_modules\ganache-cli\node_modules\secp256k1\build\secp256k1.vcxproj]
c:\users\multiebd\appdata\roaming\npm\node_modules\ganache-cli\node_modules\secp256k1\src\secp256k1-src\src\scalar_8x32_impl.h(204): warning C4319: '~': zero extending 'const uint32_t' to 'uint64_t' of greater size (compiling source file ..\src\privatekey.cc) [C:\Users\MultiEBD\AppData\Roaming\npm\node_modules\ganache-cli\node_modules\secp256k1\build\secp256k1.vcxproj]
c:\users\multiebd\appdata\roaming\npm\node_modules\ganache-cli\node_modules\secp256k1\src\secp256k1-src\src\scalar_8x32_impl.h(206): warning C4319: '~': zero extending 'const uint32_t' to 'uint64_t' of greater size (compiling source file ..\src\privatekey.cc) [C:\Users\MultiEBD\AppData\Roaming\npm\node_modules\ganache-cli\node_modules\secp256k1\build\secp256k1.vcxproj]
c:\users\multiebd\appdata\roaming\npm\node_modules\ganache-cli\node_modules\secp256k1\src\secp256k1-src\src\scalar_8x32_impl.h(208): warning C4319: '~': zero extending 'const uint32_t' to 'uint64_t' of greater size (compiling source file ..\src\privatekey.cc) [C:\Users\MultiEBD\AppData\Roaming\npm\node_modules\ganache-cli\node_modules\secp256k1\build\secp256k1.vcxproj]
c:\users\multiebd\appdata\roaming\npm\node_modules\ganache-cli\node_modules\secp256k1\src\secp256k1-src\src\scalar_8x32_impl.h(210): warning C4319: '~': zero extending 'const uint32_t' to 'uint64_t' of greater size (compiling source file ..\src\privatekey.cc) [C:\Users\MultiEBD\AppData\Roaming\npm\node_modules\ganache-cli\node_modules\secp256k1\build\secp256k1.vcxproj]
c:\users\multiebd\appdata\roaming\npm\node_modules\ganache-cli\node_modules\secp256k1\src\secp256k1-src\src\scalar_8x32_impl.h(212): warning C4319: '~': zero extending 'const uint32_t' to 'uint64_t' of greater size (compiling source file ..\src\privatekey.cc) [C:\Users\MultiEBD\AppData\Roaming\npm\node_modules\ganache-cli\node_modules\secp256k1\build\secp256k1.vcxproj]
  ecdsa.cc
  ecdh.cc
  win_delay_load_hook.cc
  secp256k1.c
  lax_der_parsing.c
  lax_der_privatekey_parsing.c
     Creating library C:\Users\MultiEBD\AppData\Roaming\npm\node_modules\ganache-cli\node_modules\secp256k1\build\Release\secp256k1.lib and object C:\Users\MultiEBD\AppData\Roaming\npm\node_modules\ganache-cli\node_modules\secp256k1\build\Release\secp256k1.exp
  secp256k1.vcxproj -> C:\Users\MultiEBD\AppData\Roaming\npm\node_modules\ganache-cli\node_modules\secp256k1\build\Release\\secp256k1.node
  secp256k1.vcxproj -> C:\Users\MultiEBD\AppData\Roaming\npm\node_modules\ganache-cli\node_modules\secp256k1\build\Release\secp256k1.pdb (Full PDB)
+ ganache-cli@6.9.1
added 88 packages from 85 contributors in 28.484s

MultiEBD@MultiEBD-PC MINGW64 ~
$
